# JRE version: 7.0_11-b21
# Java VM: Java HotSpot(TM) 64-Bit Server VM (23.6-b04 mixed mode linux-amd64 compressed oops)
Heap
 PSYoungGen      total 648320K, used 324480K [0x00000007c1eb0000, 0x00000007fe1f0000, 0x0000000800000000)
  eden space 324480K, 100% used [0x00000007c1eb0000,0x00000007d5b90000,0x00000007d5b90000)
  from space 323840K, 0% used [0x00000007ea5b0000,0x00000007ea5b0000,0x00000007fe1f0000)
  to   space 330944K, 0% used [0x00000007d5b90000,0x00000007d5b90000,0x00000007e9ec0000)
 ParOldGen       total 2034368K, used 2034367K [0x0000000745c00000, 0x00000007c1eb0000, 0x00000007c1eb0000)
  object space 2034368K, 99% used [0x0000000745c00000,0x00000007c1eafe60,0x00000007c1eb0000)
 PSPermGen       total 21248K, used 8674K [0x0000000740a00000, 0x0000000741ec0000, 0x0000000745c00000)
  object space 21248K, 40% used [0x0000000740a00000,0x0000000741278978,0x0000000741ec0000)
GC Heap History (10 events):
Event: 265.924 GC heap after
Heap after GC invocations=62 (full 36):
 PSYoungGen      total 648320K, used 320273K [0x00000007c1eb0000, 0x00000007fe1f0000, 0x0000000800000000)
  eden space 324480K, 98% used [0x00000007c1eb0000,0x00000007d5774600,0x00000007d5b90000)
  from space 323840K, 0% used [0x00000007ea5b0000,0x00000007ea5b0000,0x00000007fe1f0000)
  to   space 330944K, 0% used [0x00000007d5b90000,0x00000007d5b90000,0x00000007e9ec0000)
 ParOldGen       total 2034368K, used 2034365K [0x0000000745c00000, 0x00000007c1eb0000, 0x00000007c1eb0000)
  object space 2034368K, 99% used [0x0000000745c00000,0x00000007c1eaf408,0x00000007c1eb0000)
 PSPermGen       total 21248K, used 8674K [0x0000000740a00000, 0x0000000741ec0000, 0x0000000745c00000)
  object space 21248K, 40% used [0x0000000740a00000,0x0000000741278888,0x0000000741ec0000)
}
Event: 265.932 GC heap before
{Heap before GC invocations=63 (full 37):
 PSYoungGen      total 648320K, used 324478K [0x00000007c1eb0000, 0x00000007fe1f0000, 0x0000000800000000)
  eden space 324480K, 99% used [0x00000007c1eb0000,0x00000007d5b8fa28,0x00000007d5b90000)
  from space 323840K, 0% used [0x00000007ea5b0000,0x00000007ea5b0000,0x00000007fe1f0000)
  to   space 330944K, 0% used [0x00000007d5b90000,0x00000007d5b90000,0x00000007e9ec0000)
 ParOldGen       total 2034368K, used 2034365K [0x0000000745c00000, 0x00000007c1eb0000, 0x00000007c1eb0000)
  object space 2034368K, 99% used [0x0000000745c00000,0x00000007c1eaf408,0x00000007c1eb0000)
 PSPermGen       total 21248K, used 8674K [0x0000000740a00000, 0x0000000741ec0000, 0x0000000745c00000)
  object space 21248K, 40% used [0x0000000740a00000,0x0000000741278978,0x0000000741ec0000)
Event: 277.249 GC heap after
Heap after GC invocations=63 (full 37):
 PSYoungGen      total 648320K, used 316665K [0x00000007c1eb0000, 0x00000007fe1f0000, 0x0000000800000000)
  eden space 324480K, 97% used [0x00000007c1eb0000,0x00000007d53ee540,0x00000007d5b90000)
  from space 323840K, 0% used [0x00000007ea5b0000,0x00000007ea5b0000,0x00000007fe1f0000)
  to   space 330944K, 0% used [0x00000007d5b90000,0x00000007d5b90000,0x00000007e9ec0000)
 ParOldGen       total 2034368K, used 2034366K [0x0000000745c00000, 0x00000007c1eb0000, 0x00000007c1eb0000)
  object space 2034368K, 99% used [0x0000000745c00000,0x00000007c1eafb00,0x00000007c1eb0000)
 PSPermGen       total 21248K, used 8674K [0x0000000740a00000, 0x0000000741ec0000, 0x0000000745c00000)
  object space 21248K, 40% used [0x0000000740a00000,0x0000000741278978,0x0000000741ec0000)
}
Event: 277.260 GC heap before
{Heap before GC invocations=64 (full 38):
 PSYoungGen      total 648320K, used 324480K [0x00000007c1eb0000, 0x00000007fe1f0000, 0x0000000800000000)
  eden space 324480K, 100% used [0x00000007c1eb0000,0x00000007d5b90000,0x00000007d5b90000)
  from space 323840K, 0% used [0x00000007ea5b0000,0x00000007ea5b0000,0x00000007fe1f0000)
  to   space 330944K, 0% used [0x00000007d5b90000,0x00000007d5b90000,0x00000007e9ec0000)
 ParOldGen       total 2034368K, used 2034366K [0x0000000745c00000, 0x00000007c1eb0000, 0x00000007c1eb0000)
  object space 2034368K, 99% used [0x0000000745c00000,0x00000007c1eafb00,0x00000007c1eb0000)
 PSPermGen       total 21248K, used 8674K [0x0000000740a00000, 0x0000000741ec0000, 0x0000000745c00000)
  object space 21248K, 40% used [0x0000000740a00000,0x0000000741278978,0x0000000741ec0000)
Event: 288.666 GC heap after
Heap after GC invocations=64 (full 38):
 PSYoungGen      total 648320K, used 317682K [0x00000007c1eb0000, 0x00000007fe1f0000, 0x0000000800000000)
  eden space 324480K, 97% used [0x00000007c1eb0000,0x00000007d54ec930,0x00000007d5b90000)
  from space 323840K, 0% used [0x00000007ea5b0000,0x00000007ea5b0000,0x00000007fe1f0000)
  to   space 330944K, 0% used [0x00000007d5b90000,0x00000007d5b90000,0x00000007e9ec0000)
 ParOldGen       total 2034368K, used 2034367K [0x0000000745c00000, 0x00000007c1eb0000, 0x00000007c1eb0000)
  object space 2034368K, 99% used [0x0000000745c00000,0x00000007c1eafff0,0x00000007c1eb0000)
 PSPermGen       total 21248K, used 8674K [0x0000000740a00000, 0x0000000741ec0000, 0x0000000745c00000)
  object space 21248K, 40% used [0x0000000740a00000,0x0000000741278978,0x0000000741ec0000)
}
Event: 288.671 GC heap before
{Heap before GC invocations=65 (full 39):
 PSYoungGen      total 648320K, used 324480K [0x00000007c1eb0000, 0x00000007fe1f0000, 0x0000000800000000)
  eden space 324480K, 100% used [0x00000007c1eb0000,0x00000007d5b90000,0x00000007d5b90000)
  from space 323840K, 0% used [0x00000007ea5b0000,0x00000007ea5b0000,0x00000007fe1f0000)
  to   space 330944K, 0% used [0x00000007d5b90000,0x00000007d5b90000,0x00000007e9ec0000)
 ParOldGen       total 2034368K, used 2034367K [0x0000000745c00000, 0x00000007c1eb0000, 0x00000007c1eb0000)
  object space 2034368K, 99% used [0x0000000745c00000,0x00000007c1eafff0,0x00000007c1eb0000)
 PSPermGen       total 21248K, used 8674K [0x0000000740a00000, 0x0000000741ec0000, 0x0000000745c00000)
  object space 21248K, 40% used [0x0000000740a00000,0x0000000741278978,0x0000000741ec0000)
Event: 300.858 GC heap after
Heap after GC invocations=65 (full 39):
 PSYoungGen      total 648320K, used 318696K [0x00000007c1eb0000, 0x00000007fe1f0000, 0x0000000800000000)
  eden space 324480K, 98% used [0x00000007c1eb0000,0x00000007d55ea3f0,0x00000007d5b90000)
  from space 323840K, 0% used [0x00000007ea5b0000,0x00000007ea5b0000,0x00000007fe1f0000)
  to   space 330944K, 0% used [0x00000007d5b90000,0x00000007d5b90000,0x00000007e9ec0000)
 ParOldGen       total 2034368K, used 2034367K [0x0000000745c00000, 0x00000007c1eb0000, 0x00000007c1eb0000)
  object space 2034368K, 99% used [0x0000000745c00000,0x00000007c1eafe60,0x00000007c1eb0000)
 PSPermGen       total 21248K, used 8674K [0x0000000740a00000, 0x0000000741ec0000, 0x0000000745c00000)
  object space 21248K, 40% used [0x0000000740a00000,0x0000000741278978,0x0000000741ec0000)
}
Event: 300.862 GC heap before
{Heap before GC invocations=66 (full 40):
 PSYoungGen      total 648320K, used 324397K [0x00000007c1eb0000, 0x00000007fe1f0000, 0x0000000800000000)
  eden space 324480K, 99% used [0x00000007c1eb0000,0x00000007d5b7b780,0x00000007d5b90000)
  from space 323840K, 0% used [0x00000007ea5b0000,0x00000007ea5b0000,0x00000007fe1f0000)
  to   space 330944K, 0% used [0x00000007d5b90000,0x00000007d5b90000,0x00000007e9ec0000)
 ParOldGen       total 2034368K, used 2034367K [0x0000000745c00000, 0x00000007c1eb0000, 0x00000007c1eb0000)
  object space 2034368K, 99% used [0x0000000745c00000,0x00000007c1eafe60,0x00000007c1eb0000)
 PSPermGen       total 21248K, used 8674K [0x0000000740a00000, 0x0000000741ec0000, 0x0000000745c00000)
  object space 21248K, 40% used [0x0000000740a00000,0x0000000741278978,0x0000000741ec0000)
Event: 311.540 GC heap after
Heap after GC invocations=66 (full 40):
 PSYoungGen      total 648320K, used 320515K [0x00000007c1eb0000, 0x00000007fe1f0000, 0x0000000800000000)
  eden space 324480K, 98% used [0x00000007c1eb0000,0x00000007d57b0ec8,0x00000007d5b90000)
  from space 323840K, 0% used [0x00000007ea5b0000,0x00000007ea5b0000,0x00000007fe1f0000)
  to   space 330944K, 0% used [0x00000007d5b90000,0x00000007d5b90000,0x00000007e9ec0000)
 ParOldGen       total 2034368K, used 2034367K [0x0000000745c00000, 0x00000007c1eb0000, 0x00000007c1eb0000)
  object space 2034368K, 99% used [0x0000000745c00000,0x00000007c1eafe60,0x00000007c1eb0000)
 PSPermGen       total 21248K, used 8674K [0x0000000740a00000, 0x0000000741ec0000, 0x0000000745c00000)
  object space 21248K, 40% used [0x0000000740a00000,0x0000000741278978,0x0000000741ec0000)
}
Event: 311.550 GC heap before
{Heap before GC invocations=67 (full 41):
 PSYoungGen      total 648320K, used 324480K [0x00000007c1eb0000, 0x00000007fe1f0000, 0x0000000800000000)
  eden space 324480K, 100% used [0x00000007c1eb0000,0x00000007d5b90000,0x00000007d5b90000)
  from space 323840K, 0% used [0x00000007ea5b0000,0x00000007ea5b0000,0x00000007fe1f0000)
  to   space 330944K, 0% used [0x00000007d5b90000,0x00000007d5b90000,0x00000007e9ec0000)
 ParOldGen       total 2034368K, used 2034367K [0x0000000745c00000, 0x00000007c1eb0000, 0x00000007c1eb0000)
  object space 2034368K, 99% used [0x0000000745c00000,0x00000007c1eafe60,0x00000007c1eb0000)
 PSPermGen       total 21248K, used 8674K [0x0000000740a00000, 0x0000000741ec0000, 0x0000000745c00000)
  object space 21248K, 40% used [0x0000000740a00000,0x0000000741278978,0x0000000741ec0000)

